SF:lib/data/datasources/tv_remote_data_source.dart
DA:30,1
DA:33,1
DA:35,5
DA:37,2
DA:38,4
DA:40,1
DA:45,1
DA:47,5
DA:49,2
DA:50,4
DA:52,1
DA:57,1
DA:59,5
DA:61,2
DA:62,4
DA:64,1
DA:69,1
DA:70,5
DA:72,2
DA:73,3
DA:75,1
DA:80,1
DA:81,2
DA:82,3
DA:84,2
DA:85,4
DA:87,1
DA:92,1
DA:93,2
DA:94,3
DA:96,2
DA:97,4
DA:99,1
LF:33
LH:33
end_of_record
SF:lib/data/models/tv_detail_model.dart
DA:21,2
DA:36,1
DA:37,1
DA:38,1
DA:39,1
DA:40,1
DA:41,1
DA:42,4
DA:43,1
DA:44,1
DA:45,4
DA:46,1
DA:47,1
DA:48,1
DA:49,1
DA:50,1
DA:51,1
DA:54,2
DA:55,1
DA:56,1
DA:57,1
DA:58,5
DA:59,1
DA:60,5
DA:61,1
DA:62,1
DA:63,1
DA:64,1
DA:65,1
DA:66,1
DA:69,1
DA:70,1
DA:71,1
DA:72,1
DA:73,1
DA:74,1
DA:75,1
DA:76,1
DA:77,1
DA:78,1
DA:79,1
DA:80,1
DA:81,1
DA:82,1
LF:44
LH:44
end_of_record
SF:lib/data/models/tv_response.dart
DA:8,2
DA:10,4
DA:11,4
DA:12,6
DA:13,6
DA:16,1
DA:17,2
LF:7
LH:7
end_of_record
SF:lib/utils/exception.dart
DA:6,3
LF:1
LH:1
end_of_record
SF:lib/data/datasources/db/database_helper.dart
DA:10,0
DA:14,0
DA:18,0
DA:20,0
DA:27,0
DA:28,0
DA:29,0
DA:31,0
DA:34,0
DA:35,0
DA:40,0
DA:41,0
DA:49,0
DA:52,0
DA:53,0
DA:54,0
DA:57,0
DA:61,0
DA:62,0
DA:63,0
DA:66,0
DA:67,0
DA:68,0
DA:71,0
DA:75,0
DA:76,0
DA:77,0
DA:80,0
DA:83,0
DA:84,0
DA:90,0
DA:91,0
DA:92,0
LF:33
LH:0
end_of_record
SF:lib/data/datasources/movie_local_data_source.dart
DA:15,1
DA:18,1
DA:20,3
DA:23,2
DA:28,1
DA:30,3
DA:33,2
DA:38,1
DA:39,3
DA:41,1
DA:48,1
DA:49,3
DA:50,4
LF:13
LH:13
end_of_record
SF:lib/data/datasources/movie_remote_data_source.dart
DA:30,1
DA:33,1
DA:35,5
DA:37,2
DA:38,4
DA:40,1
DA:45,1
DA:47,5
DA:49,2
DA:50,3
DA:52,1
DA:57,1
DA:58,2
DA:59,3
DA:61,2
DA:62,4
DA:64,1
DA:69,1
DA:71,5
DA:73,2
DA:74,4
DA:76,1
DA:81,1
DA:83,5
DA:85,2
DA:86,4
DA:88,1
DA:93,1
DA:94,2
DA:95,3
DA:97,2
DA:98,4
DA:100,1
LF:33
LH:33
end_of_record
SF:lib/data/models/movie_detail_model.dart
DA:7,2
DA:53,1
DA:54,1
DA:55,1
DA:56,1
DA:57,1
DA:58,1
DA:59,4
DA:60,1
DA:61,1
DA:62,1
DA:63,1
DA:64,1
DA:65,1
DA:66,2
DA:67,1
DA:68,1
DA:69,1
DA:70,1
DA:71,1
DA:72,1
DA:73,1
DA:74,1
DA:75,2
DA:76,1
DA:79,0
DA:80,0
DA:81,0
DA:82,0
DA:83,0
DA:84,0
DA:85,0
DA:86,0
DA:87,0
DA:88,0
DA:89,0
DA:90,0
DA:91,0
DA:92,0
DA:93,0
DA:94,0
DA:95,0
DA:96,0
DA:97,0
DA:98,0
DA:99,0
DA:100,0
DA:103,1
DA:104,1
DA:105,1
DA:106,1
DA:107,5
DA:108,1
DA:109,1
DA:110,1
DA:111,1
DA:112,1
DA:113,1
DA:114,1
DA:115,1
DA:116,1
DA:120,1
DA:122,1
DA:123,1
DA:124,1
DA:125,1
DA:126,1
DA:127,1
DA:128,1
DA:129,1
DA:130,1
DA:131,1
DA:132,1
DA:133,1
DA:134,1
DA:135,1
DA:136,1
DA:137,1
DA:138,1
DA:139,1
DA:140,1
DA:141,1
DA:142,1
DA:143,1
LF:84
LH:62
end_of_record
SF:lib/data/models/movie_model.dart
DA:6,4
DA:36,4
DA:37,2
DA:38,2
DA:39,8
DA:40,2
DA:41,2
DA:42,2
DA:43,4
DA:44,2
DA:45,2
DA:46,2
DA:47,2
DA:48,4
DA:49,2
DA:52,2
DA:53,1
DA:54,1
DA:55,4
DA:56,1
DA:57,1
DA:58,1
DA:59,1
DA:60,1
DA:61,1
DA:62,1
DA:63,1
DA:64,1
DA:65,1
DA:68,2
DA:69,2
DA:70,2
DA:71,2
DA:72,2
DA:73,2
DA:74,2
DA:75,2
DA:76,2
DA:77,2
DA:78,2
DA:79,2
DA:80,2
DA:81,2
DA:82,2
DA:87,2
DA:88,2
DA:89,2
DA:90,2
DA:91,2
DA:92,2
DA:93,2
DA:94,2
DA:95,2
DA:96,2
DA:97,2
DA:98,2
DA:99,2
DA:100,2
DA:101,2
LF:59
LH:59
end_of_record
SF:lib/data/models/movie_table.dart
DA:14,3
DA:22,2
DA:23,1
DA:24,1
DA:25,1
DA:26,1
DA:30,2
DA:31,1
DA:32,1
DA:33,1
DA:34,1
DA:38,2
DA:39,1
DA:40,1
DA:41,1
DA:42,1
DA:43,2
DA:46,0
DA:47,0
DA:48,0
DA:49,0
DA:50,0
DA:51,0
DA:54,2
DA:55,1
DA:56,1
DA:57,1
DA:58,1
DA:59,1
DA:62,3
DA:64,18
LF:31
LH:25
end_of_record
SF:lib/data/models/tv_model.dart
DA:22,4
DA:39,6
DA:40,3
DA:41,6
DA:42,3
DA:43,3
DA:44,6
DA:45,3
DA:46,3
DA:47,12
DA:48,12
DA:49,3
DA:50,3
DA:51,3
DA:52,3
DA:55,4
DA:57,2
DA:58,2
DA:59,2
DA:60,2
DA:61,2
DA:62,2
DA:63,2
DA:64,2
DA:65,2
DA:67,2
DA:68,2
DA:72,3
DA:73,3
DA:74,3
DA:75,3
DA:76,3
DA:77,3
DA:78,3
DA:79,3
DA:80,3
DA:81,3
DA:82,3
DA:83,3
DA:84,3
DA:85,3
DA:86,3
LF:42
LH:42
end_of_record
SF:lib/domain/entities/movie.dart
DA:4,20
DA:21,2
DA:44,4
DA:45,4
DA:46,4
DA:47,4
DA:48,4
DA:49,4
DA:50,4
DA:51,4
DA:52,4
DA:53,4
DA:54,4
DA:55,4
DA:56,4
DA:57,4
DA:58,4
LF:17
LH:17
end_of_record
SF:lib/domain/entities/movie_detail.dart
DA:6,6
DA:34,1
DA:35,1
DA:36,1
DA:37,1
DA:38,1
DA:39,1
DA:40,1
DA:41,1
DA:42,1
DA:43,1
DA:44,1
DA:45,1
DA:46,1
LF:14
LH:14
end_of_record
SF:lib/domain/entities/tv_detail.dart
DA:20,5
DA:35,1
DA:36,1
DA:37,1
DA:38,1
DA:39,1
DA:40,1
DA:41,1
DA:42,1
DA:43,1
DA:44,1
DA:45,1
DA:46,1
DA:47,1
DA:48,1
LF:15
LH:15
end_of_record
SF:lib/utils/failure.dart
DA:6,13
DA:8,2
DA:9,4
DA:13,24
DA:17,4
DA:21,10
LF:6
LH:6
end_of_record
SF:lib/styles/text_styles.dart
DA:6,2
DA:7,1
DA:8,3
DA:10,0
DA:12,0
DA:16,0
DA:17,0
DA:18,0
DA:19,0
DA:20,0
LF:10
LH:3
end_of_record
SF:lib/utils/state_enum.dart
DA:1,41
LF:1
LH:1
end_of_record
SF:lib/data/models/movie_response.dart
DA:8,2
DA:10,4
DA:11,4
DA:12,6
DA:13,6
DA:16,2
DA:17,5
DA:20,1
DA:21,2
LF:9
LH:9
end_of_record
SF:lib/data/models/genre_model.dart
DA:6,4
DA:14,4
DA:15,2
DA:16,2
DA:19,0
DA:20,0
DA:21,0
DA:24,2
DA:25,6
DA:28,2
DA:29,6
LF:11
LH:8
end_of_record
SF:lib/domain/entities/genre.dart
DA:4,11
DA:12,2
DA:13,6
LF:3
LH:3
end_of_record
SF:lib/data/models/season_model.dart
DA:14,2
DA:24,2
DA:25,1
DA:26,1
DA:27,1
DA:28,1
DA:29,1
DA:30,1
DA:31,1
DA:34,2
DA:35,1
DA:36,1
DA:37,1
DA:38,1
DA:39,1
DA:42,1
DA:43,1
DA:44,1
DA:45,1
DA:46,1
DA:47,1
DA:48,1
DA:49,1
DA:50,1
LF:24
LH:24
end_of_record
SF:lib/domain/entities/season.dart
DA:10,5
DA:18,1
DA:19,1
DA:20,1
DA:21,1
DA:22,1
DA:23,1
DA:24,1
LF:8
LH:8
end_of_record
SF:lib/data/repositories/movie_repository_impl.dart
DA:18,1
DA:24,1
DA:26,3
DA:27,5
DA:28,1
DA:29,2
DA:30,1
DA:31,2
DA:36,1
DA:38,3
DA:39,2
DA:40,1
DA:41,2
DA:42,1
DA:43,2
DA:48,1
DA:50,3
DA:51,3
DA:52,1
DA:53,2
DA:54,1
DA:55,2
DA:60,1
DA:62,3
DA:63,5
DA:64,1
DA:65,2
DA:66,1
DA:67,2
DA:72,1
DA:74,3
DA:75,5
DA:76,1
DA:77,2
DA:78,1
DA:79,2
DA:84,1
DA:86,3
DA:87,5
DA:88,1
DA:89,2
DA:90,1
DA:91,2
DA:96,1
DA:99,4
DA:100,1
DA:101,1
DA:102,3
DA:109,1
DA:112,4
DA:113,1
DA:114,1
DA:115,3
DA:120,1
DA:121,3
DA:126,1
DA:127,3
DA:128,5
LF:58
LH:58
end_of_record
SF:lib/data/repositories/tv_repository_impl.dart
DA:18,1
DA:24,1
DA:26,3
DA:27,5
DA:28,1
DA:29,2
DA:30,1
DA:31,2
DA:36,1
DA:38,3
DA:39,5
DA:40,1
DA:41,2
DA:42,1
DA:43,2
DA:48,1
DA:50,3
DA:51,5
DA:52,1
DA:53,2
DA:54,1
DA:55,2
DA:60,1
DA:62,3
DA:63,5
DA:64,1
DA:65,2
DA:66,1
DA:67,2
DA:72,1
DA:74,2
DA:75,2
DA:76,1
DA:77,1
DA:78,3
DA:85,1
DA:87,2
DA:88,2
DA:89,1
DA:90,1
DA:91,3
DA:98,1
DA:100,3
DA:101,5
DA:102,1
DA:103,2
DA:104,1
DA:105,2
DA:110,1
DA:112,3
DA:113,2
DA:114,1
DA:115,2
DA:116,1
DA:117,2
LF:55
LH:55
end_of_record
SF:lib/domain/usecases/get_top_rated_movies.dart
DA:10,1
DA:12,1
DA:13,2
LF:3
LH:3
end_of_record
SF:lib/domain/usecases/get_tv_recommendations.dart
DA:10,1
DA:12,1
DA:13,2
LF:3
LH:3
end_of_record
SF:lib/domain/usecases/save_watchlist.dart
DA:10,1
DA:12,1
DA:13,2
LF:3
LH:3
end_of_record
SF:lib/domain/usecases/search_tv.dart
DA:10,1
DA:12,1
DA:13,2
LF:3
LH:3
end_of_record
SF:lib/domain/usecases/get_movie_detail.dart
DA:10,1
DA:12,1
DA:13,2
LF:3
LH:3
end_of_record
SF:lib/domain/usecases/get_tv_top_rated.dart
DA:10,1
DA:12,1
DA:13,2
LF:3
LH:3
end_of_record
SF:lib/domain/usecases/get_movie_recommendations.dart
DA:10,1
DA:12,1
DA:13,2
LF:3
LH:3
end_of_record
SF:lib/domain/usecases/get_watchlist_movies.dart
DA:10,1
DA:12,1
DA:13,2
LF:3
LH:3
end_of_record
SF:lib/domain/usecases/get_now_playing_movies.dart
DA:10,1
DA:12,1
DA:13,2
LF:3
LH:3
end_of_record
SF:lib/domain/usecases/remove_watchlist.dart
DA:10,1
DA:12,1
DA:13,2
LF:3
LH:3
end_of_record
SF:lib/domain/usecases/remove_watchlist_tv.dart
DA:10,1
DA:12,1
DA:13,2
LF:3
LH:3
end_of_record
SF:lib/domain/usecases/get_popular_movies.dart
DA:10,1
DA:12,1
DA:13,2
LF:3
LH:3
end_of_record
SF:lib/domain/usecases/save_watchlist_tv.dart
DA:10,1
DA:12,1
DA:13,2
LF:3
LH:3
end_of_record
SF:lib/domain/usecases/get_tv_popular.dart
DA:10,1
DA:12,1
DA:13,2
LF:3
LH:3
end_of_record
SF:lib/domain/usecases/get_tv_now_playing.dart
DA:10,1
DA:12,1
DA:13,2
LF:3
LH:3
end_of_record
SF:lib/domain/usecases/search_movies.dart
DA:10,1
DA:12,1
DA:13,2
LF:3
LH:3
end_of_record
SF:lib/domain/usecases/get_tv_detail.dart
DA:10,1
DA:12,1
DA:13,2
LF:3
LH:3
end_of_record
SF:lib/domain/usecases/get_watchlist_status.dart
DA:6,1
DA:8,1
DA:9,2
LF:3
LH:3
end_of_record
SF:lib/presentation/provider/movie_detail_notifier.dart
DA:23,1
DA:32,2
DA:35,2
DA:38,2
DA:41,2
DA:44,2
DA:47,2
DA:49,1
DA:50,1
DA:51,1
DA:52,3
DA:53,3
DA:54,1
DA:55,1
DA:56,1
DA:57,2
DA:58,1
DA:60,1
DA:61,1
DA:62,1
DA:63,1
DA:64,1
DA:65,1
DA:66,1
DA:67,2
DA:69,1
DA:70,1
DA:71,1
DA:74,1
DA:75,1
DA:81,2
DA:83,1
DA:84,3
DA:86,2
DA:87,1
DA:88,2
DA:90,1
DA:91,1
DA:95,3
DA:98,1
DA:99,3
DA:101,2
DA:102,1
DA:103,2
DA:105,1
DA:106,1
DA:110,3
DA:113,1
DA:114,3
DA:115,1
DA:116,1
LF:51
LH:51
end_of_record
SF:lib/presentation/provider/watchlist_movie_notifier.dart
DA:9,2
DA:12,2
DA:15,2
DA:17,1
DA:21,1
DA:22,1
DA:23,1
DA:25,3
DA:26,1
DA:27,1
DA:28,1
DA:29,2
DA:30,1
DA:32,1
DA:33,1
DA:34,1
DA:35,1
LF:17
LH:17
end_of_record
SF:lib/presentation/provider/movie_list_notifier.dart
DA:11,4
DA:14,4
DA:17,4
DA:20,4
DA:23,4
DA:26,4
DA:29,4
DA:31,2
DA:41,2
DA:42,2
DA:43,2
DA:45,6
DA:46,2
DA:47,2
DA:48,2
DA:49,4
DA:50,2
DA:52,2
DA:53,2
DA:54,2
DA:55,2
DA:60,2
DA:61,2
DA:62,2
DA:64,6
DA:65,2
DA:66,2
DA:67,2
DA:68,4
DA:69,2
DA:71,2
DA:72,2
DA:73,2
DA:74,2
DA:79,2
DA:80,2
DA:81,2
DA:83,6
DA:84,2
DA:85,2
DA:86,2
DA:87,4
DA:88,2
DA:90,2
DA:91,2
DA:92,2
DA:93,2
LF:47
LH:47
end_of_record
SF:lib/presentation/provider/popular_movies_notifier.dart
DA:10,1
DA:13,2
DA:16,2
DA:19,2
DA:21,1
DA:22,1
DA:23,1
DA:25,3
DA:27,1
DA:28,1
DA:29,2
DA:30,1
DA:31,1
DA:33,1
DA:34,1
DA:35,1
DA:36,1
LF:17
LH:17
end_of_record
SF:lib/presentation/provider/tv_detail_notifier.dart
DA:22,1
DA:31,2
DA:34,2
DA:37,2
DA:40,2
DA:43,2
DA:46,2
DA:49,2
DA:51,1
DA:52,1
DA:53,1
DA:55,3
DA:56,3
DA:57,1
DA:58,1
DA:59,2
DA:60,1
DA:61,1
DA:63,1
DA:64,1
DA:65,1
DA:66,1
DA:67,1
DA:69,1
DA:70,1
DA:71,2
DA:72,1
DA:73,1
DA:75,1
DA:76,1
DA:77,1
DA:78,1
DA:85,1
DA:86,3
DA:88,2
DA:89,1
DA:90,2
DA:91,1
DA:93,1
DA:94,1
DA:95,2
DA:100,1
DA:101,3
DA:103,2
DA:104,1
DA:105,2
DA:106,1
DA:108,1
DA:109,1
DA:110,3
DA:115,1
DA:116,3
DA:117,1
DA:118,1
LF:54
LH:54
end_of_record
SF:lib/presentation/provider/top_rated_tv_notifier.dart
DA:10,1
DA:13,2
DA:16,2
DA:19,2
DA:21,1
DA:22,1
DA:23,1
DA:25,3
DA:26,1
DA:27,1
DA:28,2
DA:29,1
DA:30,1
DA:32,1
DA:33,1
DA:34,1
DA:35,1
LF:17
LH:17
end_of_record
SF:lib/presentation/provider/popular_tv_notifier.dart
DA:10,1
DA:13,2
DA:16,2
DA:19,2
DA:21,1
DA:22,1
DA:23,1
DA:25,3
DA:26,1
DA:27,1
DA:28,2
DA:29,1
DA:30,1
DA:32,1
DA:33,1
DA:34,1
DA:35,1
LF:17
LH:17
end_of_record
SF:lib/presentation/provider/tv_search_notifier.dart
DA:10,1
DA:13,2
DA:16,2
DA:19,2
DA:21,1
DA:22,1
DA:23,1
DA:25,3
DA:26,1
DA:27,1
DA:28,2
DA:29,1
DA:30,1
DA:32,1
DA:33,1
DA:34,1
DA:35,1
LF:17
LH:17
end_of_record
SF:lib/presentation/provider/movie_search_notifier.dart
DA:10,1
DA:13,2
DA:16,2
DA:19,2
DA:21,1
DA:22,1
DA:23,1
DA:25,3
DA:26,1
DA:27,1
DA:28,2
DA:29,1
DA:30,1
DA:32,1
DA:33,1
DA:34,1
DA:35,1
LF:17
LH:17
end_of_record
SF:lib/presentation/provider/top_rated_movies_notifier.dart
DA:10,1
DA:13,2
DA:16,2
DA:19,2
DA:21,1
DA:22,1
DA:23,1
DA:25,3
DA:27,1
DA:28,1
DA:29,2
DA:30,1
DA:31,1
DA:33,1
DA:34,1
DA:35,1
DA:36,1
LF:17
LH:17
end_of_record
SF:lib/presentation/pages/top_rated_movies_page.dart
DA:11,1
DA:12,1
DA:16,1
DA:18,1
DA:19,2
DA:20,2
DA:21,1
DA:24,1
DA:26,1
DA:27,1
DA:28,1
DA:30,1
DA:32,1
DA:33,1
DA:34,2
DA:35,1
DA:36,1
DA:38,2
DA:39,1
DA:40,0
DA:41,0
DA:42,0
DA:44,2
DA:47,1
DA:48,1
DA:49,2
LF:26
LH:23
end_of_record
SF:lib/presentation/pages/movie_detail_page.dart
DA:20,1
DA:22,1
DA:23,1
DA:27,1
DA:29,1
DA:30,2
DA:31,2
DA:32,3
DA:33,2
DA:34,3
DA:38,1
DA:40,1
DA:41,1
DA:42,1
DA:43,2
DA:47,2
DA:48,1
DA:49,1
DA:50,1
DA:52,1
DA:53,1
DA:57,0
DA:70,1
DA:72,1
DA:74,3
DA:75,1
DA:76,1
DA:77,1
DA:78,3
DA:80,1
DA:83,0
DA:85,1
DA:87,1
DA:88,1
DA:89,1
DA:99,1
DA:100,1
DA:101,1
DA:103,1
DA:105,1
DA:107,1
DA:108,1
DA:109,2
DA:110,1
DA:112,1
DA:113,1
DA:114,1
DA:115,2
DA:118,2
DA:120,0
DA:123,0
DA:127,1
DA:129,1
DA:131,1
DA:134,1
DA:137,2
DA:138,2
DA:140,1
DA:142,1
DA:143,1
DA:144,1
DA:149,1
DA:151,1
DA:152,1
DA:153,1
DA:154,1
DA:155,1
DA:159,1
DA:160,3
DA:162,1
DA:163,3
DA:165,1
DA:166,1
DA:167,1
DA:168,3
DA:170,2
DA:176,4
DA:179,1
DA:180,1
DA:182,1
DA:184,1
DA:185,2
DA:187,1
DA:188,1
DA:190,1
DA:192,1
DA:193,1
DA:194,2
DA:196,0
DA:197,0
DA:199,2
DA:201,0
DA:202,2
DA:204,1
DA:206,1
DA:208,0
DA:209,0
DA:210,0
DA:212,0
DA:213,0
DA:214,0
DA:217,0
DA:220,0
DA:221,0
DA:222,0
DA:224,0
DA:226,0
DA:227,0
DA:228,0
DA:230,0
DA:233,0
DA:234,0
DA:240,2
DA:244,0
DA:252,1
DA:254,1
DA:269,1
DA:271,1
DA:274,1
DA:277,1
DA:278,1
DA:279,1
DA:280,0
DA:281,0
DA:291,1
DA:293,2
DA:294,3
DA:297,1
DA:301,3
DA:304,1
DA:305,1
DA:306,1
DA:308,1
DA:309,1
DA:311,0
LF:135
LH:107
end_of_record
SF:lib/presentation/widgets/movie_card_list.dart
DA:13,0
DA:15,0
DA:17,0
DA:19,0
DA:20,0
DA:21,0
DA:22,0
DA:25,0
DA:28,0
DA:31,0
DA:35,0
DA:37,0
DA:38,0
DA:39,0
DA:45,0
DA:47,0
DA:48,0
DA:49,0
DA:52,0
DA:55,0
DA:56,0
DA:64,0
DA:69,0
DA:70,0
DA:71,0
DA:73,0
DA:76,0
DA:78,0
LF:28
LH:0
end_of_record
SF:lib/presentation/pages/tv_detail_page.dart
DA:20,0
DA:22,0
DA:23,0
DA:27,0
DA:29,0
DA:30,0
DA:31,0
DA:32,0
DA:33,0
DA:34,0
DA:38,0
DA:40,0
DA:41,0
DA:42,0
DA:43,0
DA:44,0
DA:45,0
DA:46,0
DA:48,0
DA:49,0
DA:50,0
DA:51,0
DA:53,0
DA:54,0
DA:58,0
DA:72,0
DA:74,0
DA:76,0
DA:77,0
DA:78,0
DA:79,0
DA:80,0
DA:82,0
DA:83,0
DA:85,0
DA:87,0
DA:89,0
DA:90,0
DA:91,0
DA:92,0
DA:94,0
DA:101,0
DA:102,0
DA:103,0
DA:105,0
DA:107,0
DA:109,0
DA:110,0
DA:111,0
DA:112,0
DA:114,0
DA:115,0
DA:116,0
DA:117,0
DA:119,0
DA:121,0
DA:123,0
DA:126,0
DA:129,0
DA:131,0
DA:134,0
DA:137,0
DA:138,0
DA:140,0
DA:142,0
DA:143,0
DA:144,0
DA:149,0
DA:151,0
DA:152,0
DA:153,0
DA:154,0
DA:155,0
DA:159,0
DA:160,0
DA:162,0
DA:163,0
DA:164,0
DA:165,0
DA:166,0
DA:168,0
DA:174,0
DA:177,0
DA:178,0
DA:180,0
DA:182,0
DA:183,0
DA:185,0
DA:186,0
DA:188,0
DA:190,0
DA:191,0
DA:192,0
DA:194,0
DA:195,0
DA:197,0
DA:199,0
DA:200,0
DA:202,0
DA:204,0
DA:206,0
DA:207,0
DA:208,0
DA:210,0
DA:211,0
DA:212,0
DA:215,0
DA:218,0
DA:219,0
DA:220,0
DA:222,0
DA:224,0
DA:225,0
DA:226,0
DA:228,0
DA:231,0
DA:232,0
DA:238,0
DA:242,0
DA:250,0
DA:252,0
DA:265,0
DA:267,0
DA:270,0
DA:273,0
DA:274,0
DA:275,0
DA:276,0
DA:277,0
DA:287,0
DA:289,0
DA:290,0
DA:293,0
DA:297,0
LF:134
LH:0
end_of_record
SF:lib/presentation/pages/popular_movies_page.dart
DA:11,1
DA:12,1
DA:16,1
DA:18,1
DA:19,2
DA:20,2
DA:21,1
DA:24,1
DA:26,1
DA:27,1
DA:28,1
DA:30,1
DA:32,1
DA:33,1
DA:34,2
DA:35,1
DA:36,1
DA:38,2
DA:39,1
DA:40,0
DA:41,0
DA:42,0
DA:44,2
DA:47,1
DA:48,1
DA:49,2
LF:26
LH:23
end_of_record
