SF:lib/domain/usecase/search_movies.dart
DA:9,1
DA:11,1
DA:12,2
LF:3
LH:3
end_of_record
SF:lib/domain/usecase/search_tv.dart
DA:9,1
DA:11,1
DA:12,2
LF:3
LH:3
end_of_record
SF:lib/presentation/bloc/search_bloc.dart
DA:13,3
DA:14,1
DA:15,1
DA:16,2
DA:17,4
DA:19,1
DA:20,1
DA:21,3
DA:23,1
DA:24,2
DA:28,1
DA:32,1
DA:33,3
LF:13
LH:13
end_of_record
SF:lib/presentation/bloc/search_state.dart
DA:4,2
DA:6,1
DA:7,1
DA:17,1
DA:19,1
DA:20,2
DA:26,2
DA:28,1
DA:29,2
LF:9
LH:9
end_of_record
SF:lib/presentation/bloc/search_event.dart
DA:4,3
DA:10,3
DA:12,2
DA:13,4
LF:4
LH:4
end_of_record
SF:lib/presentation/bloc/search_tv_bloc.dart
DA:14,3
DA:15,1
DA:16,1
DA:17,2
DA:18,4
DA:19,1
DA:20,4
DA:21,3
DA:24,1
DA:26,1
DA:27,1
LF:11
LH:11
end_of_record
SF:lib/presentation/bloc/search_tv_state.dart
DA:4,2
DA:8,1
DA:9,1
DA:13,1
DA:14,1
DA:20,1
DA:22,1
DA:23,2
DA:29,2
DA:31,1
DA:32,2
LF:11
LH:11
end_of_record
SF:lib/presentation/bloc/search_tv_event.dart
DA:4,2
DA:10,2
DA:12,1
DA:13,2
LF:4
LH:4
end_of_record
SF:lib/presentation/pages/search_page.dart
DA:10,1
DA:12,1
DA:13,1
DA:16,1
DA:18,1
DA:20,1
DA:21,1
DA:22,1
DA:23,3
DA:33,1
DA:35,1
DA:37,1
DA:38,1
DA:39,1
DA:43,1
DA:44,1
DA:45,1
DA:46,1
DA:48,1
DA:49,1
DA:50,1
DA:52,1
DA:56,1
DA:57,1
LF:24
LH:24
end_of_record
SF:lib/presentation/pages/search_tv_page.dart
DA:10,1
DA:12,1
DA:13,1
DA:14,1
DA:16,1
DA:18,1
DA:20,1
DA:21,1
DA:22,1
DA:23,3
DA:33,1
DA:35,1
DA:37,1
DA:38,1
DA:39,1
DA:43,1
DA:44,1
DA:45,1
DA:47,1
DA:48,2
DA:49,1
DA:51,2
DA:55,1
DA:56,1
LF:24
LH:24
end_of_record
